\BOOKMARK [0][-]{chapter.1}{\376\377\000E\000i\000n\000l\000e\000i\000t\000u\000n\000g}{}% 1
\BOOKMARK [1][-]{section.1.1}{\376\377\000M\000o\000t\000i\000v\000a\000t\000i\000o\000n}{chapter.1}% 2
\BOOKMARK [1][-]{section.1.2}{\376\377\000Z\000i\000e\000l\000s\000e\000t\000z\000u\000n\000g}{chapter.1}% 3
\BOOKMARK [0][-]{chapter.2}{\376\377\000G\000r\000u\000n\000d\000l\000a\000g\000e\000n}{}% 4
\BOOKMARK [1][-]{section.2.1}{\376\377\000E\000R\000P\000:\000\040\000D\000e\000f\000i\000n\000i\000t\000i\000o\000n\000\040\000u\000n\000d\000\040\000\334\000b\000e\000r\000s\000i\000c\000h\000t}{chapter.2}% 5
\BOOKMARK [1][-]{section.2.2}{\376\377\000G\000e\000s\000c\000h\000i\000c\000h\000t\000e\000\040\000u\000n\000d\000\040\000G\000r\000u\000n\000d\000a\000r\000c\000h\000i\000t\000e\000k\000t\000u\000r\000\040\000D\000y\000n\000a\000m\000i\000c\000s\000\040\0003\0006\0005\000\040\000B\000u\000s\000i\000n\000e\000s\000s\000\040\000C\000e\000n\000t\000r\000a\000l}{chapter.2}% 6
\BOOKMARK [2][-]{subsection.2.2.1}{\376\377\000G\000e\000s\000c\000h\000i\000c\000h\000t\000e}{section.2.2}% 7
\BOOKMARK [2][-]{subsection.2.2.2}{\376\377\0003\000-\000S\000c\000h\000i\000c\000h\000t\000e\000n\000\040\000A\000r\000c\000h\000i\000t\000e\000k\000t\000u\000r}{section.2.2}% 8
\BOOKMARK [1][-]{section.2.3}{\376\377\000O\000b\000j\000e\000k\000t\000a\000r\000t\000e\000n\000\040\000i\000n\000\040\000B\000u\000s\000i\000n\000e\000s\000s\000\040\000C\000e\000n\000t\000r\000a\000l}{chapter.2}% 9
\BOOKMARK [0][-]{chapter.3}{\376\377\000V\000e\000r\000g\000l\000e\000i\000c\000h\000\040\000d\000e\000r\000\040\000e\000r\000w\000e\000i\000t\000e\000r\000u\000n\000g\000s\000b\000a\000s\000i\000e\000r\000t\000e\000n\000\040\000E\000n\000t\000w\000i\000c\000k\000l\000u\000n\000g\000\040\000z\000u\000r\000\040\000k\000o\000n\000v\000e\000n\000t\000i\000o\000n\000e\000l\000l\000e\000n\000\040\000C\000o\000d\000e\000a\000n\000p\000a\000s\000s\000u\000n\000g}{}% 10
\BOOKMARK [1][-]{section.3.1}{\376\377\000A\000u\000f\000g\000a\000b\000e\000n\000s\000t\000e\000l\000l\000u\000n\000g}{chapter.3}% 11
\BOOKMARK [1][-]{section.3.2}{\376\377\000E\000n\000t\000w\000i\000c\000k\000l\000u\000n\000g\000s\000p\000r\000o\000z\000e\000s\000s}{chapter.3}% 12
\BOOKMARK [2][-]{subsection.3.2.1}{\376\377\000E\000n\000t\000w\000i\000c\000k\000l\000u\000n\000g\000s\000u\000m\000g\000e\000b\000u\000n\000g}{section.3.2}% 13
\BOOKMARK [2][-]{subsection.3.2.2}{\376\377\000G\000r\000u\000n\000d\000f\000u\000n\000k\000t\000i\000o\000n\000a\000l\000i\000t\000\344\000t}{section.3.2}% 14
\BOOKMARK [2][-]{subsection.3.2.3}{\376\377\000D\000a\000t\000e\000n\000t\000r\000\344\000g\000e\000r\000e\000x\000p\000o\000r\000t}{section.3.2}% 15
\BOOKMARK [2][-]{subsection.3.2.4}{\376\377\000R\000e\000p\000o\000r\000t\000i\000n\000g}{section.3.2}% 16
\BOOKMARK [2][-]{subsection.3.2.5}{\376\377\000W\000e\000b\000s\000e\000r\000v\000i\000c\000e\000-\000A\000n\000b\000i\000n\000d\000u\000n\000g}{section.3.2}% 17
\BOOKMARK [0][-]{chapter.4}{\376\377\000E\000v\000a\000l\000u\000i\000e\000r\000u\000n\000g\000\040\000\046\000\040\000D\000i\000s\000k\000u\000s\000s\000i\000o\000n}{}% 18
\BOOKMARK [1][-]{section.4.1}{\376\377\000.\000N\000E\000T\000\040\000K\000l\000a\000s\000s\000e\000n\000b\000i\000b\000l\000i\000o\000t\000h\000e\000k\000\040\000u\000n\000d\000\040\000A\000L\000-\000S\000p\000r\000a\000c\000h\000k\000o\000n\000s\000t\000r\000u\000k\000t\000e}{chapter.4}% 19
\BOOKMARK [2][-]{subsection.4.1.1}{\376\377\000T\000e\000s\000t\000a\000u\000f\000b\000a\000u}{section.4.1}% 20
\BOOKMARK [2][-]{subsection.4.1.2}{\376\377\000M\000e\000s\000s\000e\000r\000g\000e\000b\000n\000i\000s\000s\000e\000:\000\040\000E\000r\000s\000t\000e\000l\000l\000u\000n\000g\000\040\000v\000o\000n\000\040\000H\000t\000t\000p\000-\000A\000n\000f\000r\000a\000g\000e\000n}{section.4.1}% 21
\BOOKMARK [1][-]{section.4.2}{\376\377\000T\000a\000b\000e\000l\000l\000e\000n\000a\000n\000p\000a\000s\000s\000u\000n\000g\000\040\000u\000n\000d\000\040\000T\000a\000b\000e\000l\000l\000e\000n\000e\000r\000w\000e\000i\000t\000e\000r\000u\000n\000g}{chapter.4}% 22
\BOOKMARK [1][-]{section.4.3}{\376\377\000C\000o\000d\000e\000a\000n\000p\000a\000s\000s\000u\000n\000g\000\040\000u\000n\000d\000\040\000e\000r\000e\000i\000g\000n\000i\000s\000o\000r\000i\000e\000n\000t\000i\000e\000r\000t\000e\000\040\000C\000o\000d\000e\000e\000r\000w\000e\000i\000t\000e\000r\000u\000n\000g}{chapter.4}% 23
\BOOKMARK [1][-]{section.4.4}{\376\377\000S\000o\000u\000r\000c\000e\000\040\000C\000o\000d\000e\000\040\000M\000a\000n\000a\000g\000e\000m\000e\000n\000t\000\040\000u\000n\000d\000\040\000C\000I\000/\000C\000D}{chapter.4}% 24
\BOOKMARK [0][-]{chapter.5}{\376\377\000Z\000u\000s\000a\000m\000m\000e\000n\000f\000a\000s\000s\000u\000n\000g\000\040\000\046\000\040\000A\000u\000s\000b\000l\000i\000c\000k}{}% 25
\BOOKMARK [1][-]{section.5.1}{\376\377\000Z\000u\000s\000a\000m\000m\000e\000n\000f\000a\000s\000s\000u\000n\000g}{chapter.5}% 26
\BOOKMARK [1][-]{section.5.2}{\376\377\000A\000u\000s\000b\000l\000i\000c\000k}{chapter.5}% 27
\BOOKMARK [0][-]{chapter*.21}{\376\377\000Q\000u\000e\000l\000l\000e\000n\000v\000e\000r\000z\000e\000i\000c\000h\000n\000i\000s}{}% 28
\BOOKMARK [1][-]{section*.22}{\376\377\000L\000i\000t\000e\000r\000a\000t\000u\000r}{chapter*.21}% 29
\BOOKMARK [1][-]{section*.23}{\376\377\000O\000n\000l\000i\000n\000e\000-\000Q\000u\000e\000l\000l\000e\000n}{chapter*.21}% 30
